TN:
SF:src/calculatorDiscount.ts
FN:7,(anonymous_0)
FN:17,(anonymous_1)
FNF:2
FNH:2
FNDA:5,(anonymous_0)
FNDA:4,(anonymous_1)
DA:2,1
DA:6,1
DA:9,5
DA:10,1
DA:13,4
DA:14,3
DA:18,4
DA:20,1
DA:22,1
DA:24,1
DA:26,1
LF:11
LH:11
BRDA:9,0,0,1
BRDA:18,1,0,1
BRDA:18,1,1,1
BRDA:18,1,2,1
BRDA:18,1,3,1
BRF:5
BRH:5
end_of_record
TN:
SF:src/patterns/stratery-patterns.ts
FN:4,(anonymous_0)
FN:10,(anonymous_1)
FN:16,(anonymous_2)
FNF:3
FNH:3
FNDA:1,(anonymous_0)
FNDA:1,(anonymous_1)
FNDA:1,(anonymous_2)
DA:3,1
DA:5,1
DA:9,1
DA:11,1
DA:15,1
DA:17,1
LF:6
LH:6
BRF:0
BRH:0
end_of_record
