TN:
SF:src/DiscountCalculator.ts
FN:4,(anonymous_0)
FN:7,(anonymous_1)
FN:25,(anonymous_2)
FN:41,(anonymous_3)
FNF:4
FNH:4
FNDA:9,(anonymous_0)
FNDA:11,(anonymous_1)
FNDA:8,(anonymous_2)
FNDA:5,(anonymous_3)
DA:2,1
DA:4,1
DA:5,9
DA:8,11
DA:9,1
DA:12,10
DA:13,2
DA:16,8
DA:18,7
DA:19,4
DA:22,7
DA:26,8
DA:28,1
DA:30,1
DA:32,1
DA:34,5
DA:35,4
DA:37,1
DA:43,5
DA:44,5
LF:20
LH:20
BRDA:8,0,0,1
BRDA:12,1,0,2
BRDA:18,2,0,4
BRDA:26,3,0,1
BRDA:26,3,1,1
BRDA:26,3,2,1
BRDA:26,3,3,5
BRDA:34,4,0,4
BRF:8
BRH:8
end_of_record
TN:
SF:src/patterns/DiscountStrategyPatterns.ts
FN:4,(anonymous_0)
FN:10,(anonymous_1)
FN:16,(anonymous_2)
FN:22,(anonymous_3)
FNF:4
FNH:4
FNDA:1,(anonymous_0)
FNDA:1,(anonymous_1)
FNDA:1,(anonymous_2)
FNDA:4,(anonymous_3)
DA:3,1
DA:5,1
DA:9,1
DA:11,1
DA:15,1
DA:17,1
DA:21,1
DA:23,4
LF:8
LH:8
BRF:0
BRH:0
end_of_record
